#
# There is insufficient memory for the Java Runtime Environment to continue.
# Native memory allocation (mmap) failed to map 132120576 bytes for Failed to commit area from 0x0000000082000000 to 0x0000000089e00000 of length 132120576.
# Possible reasons:
#   The system is out of physical RAM or swap space
#   The process is running with CompressedOops enabled, and the Java Heap may be blocking the growth of the native heap
# Possible solutions:
#   Reduce memory load on the system
#   Increase physical memory or swap space
#   Check if swap backing store is full
#   Decrease Java heap size (-Xmx/-Xms)
#   Decrease number of Java threads
#   Decrease Java thread stack sizes (-Xss)
#   Set larger code cache with -XX:ReservedCodeCacheSize=
# This output file may be truncated or incomplete.
#
#  Out of Memory Error (./src/hotspot/os/windows/os_windows.cpp:3301), pid=10212, tid=8696
#
# JRE version:  (11.0.11+9) (build )
# Java VM: OpenJDK 64-Bit Server VM (11.0.11+9-b60-7590822, mixed mode, sharing, tiered, compressed oops, g1 gc, windows-amd64)
# No core dump will be written. Minidumps are not enabled by default on client versions of Windows
#

---------------  S U M M A R Y ------------

Command Line: org.jetbrains.git4idea.http.GitAskPassApp Username for 'https://github.com': 

Host: Intel(R) Pentium(R) CPU 4415U @ 2.30GHz, 4 cores, 7G,  Windows 10 , 64 bit Build 19041 (10.0.19041.1682)
Time: Tue May 10 23:03:19 2022 India Standard Time elapsed time: 0.039910 seconds (0d 0h 0m 0s)

---------------  T H R E A D  ---------------

Current thread (0x000001f06a6aa000):  JavaThread "Unknown thread" [_thread_in_vm, id=8696, stack(0x00000001c2c00000,0x00000001c2d00000)]

Stack: [0x00000001c2c00000,0x00000001c2d00000]
Native frames: (J=compiled Java code, j=interpreted, Vv=VM code, C=native code)
V  [jvm.dll+0x5f214a]
V  [jvm.dll+0x726fb5]
V  [jvm.dll+0x7285cd]
V  [jvm.dll+0x728c83]
V  [jvm.dll+0x243278]
V  [jvm.dll+0x5ef544]
V  [jvm.dll+0x5e4495]
V  [jvm.dll+0x2fec5b]
V  [jvm.dll+0x2febca]
V  [jvm.dll+0x2feaa2]
V  [jvm.dll+0x303986]
V  [jvm.dll+0x34c3a3]
V  [jvm.dll+0x34caa6]
V  [jvm.dll+0x34c4a3]
V  [jvm.dll+0x2d9688]
V  [jvm.dll+0x2da837]
V  [jvm.dll+0x705ba7]
V  [jvm.dll+0x70739c]
V  [jvm.dll+0x3598f9]
V  [jvm.dll+0x6e931e]
V  [jvm.dll+0x3c1c43]
V  [jvm.dll+0x3c3e81]
C  [jli.dll+0x5373]
C  [ucrtbase.dll+0x21bb2]
C  [KERNEL32.DLL+0x17034]
C  [ntdll.dll+0x52651]


---------------  P R O C E S S  ---------------

Threads class SMR info:
_java_thread_list=0x000001f06a5b0d70, length=0, elements={
}

Java Threads: ( => current thread )

Other Threads:
  0x000001f06a6c3000 GCTaskThread "GC Thread#0" [stack: 0x00000001c2d00000,0x00000001c2e00000] [id=1136]
  0x000001f06a6f3000 ConcurrentGCThread "G1 Main Marker" [stack: 0x00000001c2e00000,0x00000001c2f00000] [id=11100]
  0x000001f06a6f5800 ConcurrentGCThread "G1 Conc#0" [stack: 0x00000001c2f00000,0x00000001c3000000] [id=6036]

[error occurred during error reporting (printing all threads), id 0xc0000005, EXCEPTION_ACCESS_VIOLATION (0xc0000005) at pc=0x00007ffb29259c47]

VM state:not at safepoint (not fully initialized)

VM Mutex/Monitor currently owned by a thread:  ([mutex/lock_event])
[0x000001f06a6a7900] Heap_lock - owner thread: 0x000001f06a6aa000

Heap address: 0x0000000082000000, size: 2016 MB, Compressed Oops mode: Non-zero based: 0x0000000082000000
Narrow klass base: 0x0000000000000000, Narrow klass shift: 0

GC Heap History (0 events):
No events

Deoptimization events (0 events):
No events

Classes redefined (0 events):
No events

Internal exceptions (0 events):
No events

Events (1 events):
Event: 0.026 Loaded shared library C:\Program Files\Android\Android Studio2\jre\bin\zip.dll


Dynamic libraries:
0x00007ff62fc60000 - 0x00007ff62fc6a000 	C:\Program Files\Android\Android Studio2\jre\bin\java.exe
0x00007ffb63a70000 - 0x00007ffb63c65000 	C:\WINDOWS\SYSTEM32\ntdll.dll
0x00007ffb637c0000 - 0x00007ffb6387d000 	C:\WINDOWS\System32\KERNEL32.DLL
0x00007ffb617f0000 - 0x00007ffb61abd000 	C:\WINDOWS\System32\KERNELBASE.dll
0x00007ffb613b0000 - 0x00007ffb614b0000 	C:\WINDOWS\System32\ucrtbase.dll
0x00007ffb464a0000 - 0x00007ffb464b7000 	C:\Program Files\Android\Android Studio2\jre\bin\VCRUNTIME140.dll
0x00007ffb4f1a0000 - 0x00007ffb4f1b9000 	C:\Program Files\Android\Android Studio2\jre\bin\jli.dll
0x00007ffb61e70000 - 0x00007ffb62010000 	C:\WINDOWS\System32\USER32.dll
0x00007ffb46660000 - 0x00007ffb468fa000 	C:\WINDOWS\WinSxS\amd64_microsoft.windows.common-controls_6595b64144ccf1df_6.0.19041.1110_none_60b5254171f9507e\COMCTL32.dll
0x00007ffb61180000 - 0x00007ffb611a2000 	C:\WINDOWS\System32\win32u.dll
0x00007ffb63430000 - 0x00007ffb634ce000 	C:\WINDOWS\System32\msvcrt.dll
0x00007ffb63880000 - 0x00007ffb638aa000 	C:\WINDOWS\System32\GDI32.dll
0x00007ffb61580000 - 0x00007ffb6168b000 	C:\WINDOWS\System32\gdi32full.dll
0x00007ffb614b0000 - 0x00007ffb6154d000 	C:\WINDOWS\System32\msvcp_win.dll
0x00007ffb636e0000 - 0x00007ffb63710000 	C:\WINDOWS\System32\IMM32.DLL
0x00007ffb34fe0000 - 0x00007ffb3507d000 	C:\Program Files\Android\Android Studio2\jre\bin\msvcp140.dll
0x00007ffb28f70000 - 0x00007ffb29a45000 	C:\Program Files\Android\Android Studio2\jre\bin\server\jvm.dll
0x00007ffb63630000 - 0x00007ffb636de000 	C:\WINDOWS\System32\ADVAPI32.dll
0x00007ffb62d80000 - 0x00007ffb62e1c000 	C:\WINDOWS\System32\sechost.dll
0x00007ffb61ac0000 - 0x00007ffb61be5000 	C:\WINDOWS\System32\RPCRT4.dll
0x00007ffb634d0000 - 0x00007ffb634d8000 	C:\WINDOWS\System32\PSAPI.DLL
0x00007ffb474c0000 - 0x00007ffb474c9000 	C:\WINDOWS\SYSTEM32\WSOCK32.dll
0x00007ffb4cc30000 - 0x00007ffb4cc57000 	C:\WINDOWS\SYSTEM32\WINMM.dll
0x00007ffb5b570000 - 0x00007ffb5b57a000 	C:\WINDOWS\SYSTEM32\VERSION.dll
0x00007ffb62140000 - 0x00007ffb621ab000 	C:\WINDOWS\System32\WS2_32.dll
0x00007ffb5f080000 - 0x00007ffb5f092000 	C:\WINDOWS\SYSTEM32\kernel.appcore.dll
0x00007ffb4e9f0000 - 0x00007ffb4ea01000 	C:\Program Files\Android\Android Studio2\jre\bin\verify.dll
0x00007ffb59bc0000 - 0x00007ffb59da4000 	C:\WINDOWS\SYSTEM32\DBGHELP.DLL
0x00007ffb59b90000 - 0x00007ffb59bbc000 	C:\WINDOWS\SYSTEM32\dbgcore.DLL
0x00007ffb61270000 - 0x00007ffb612f2000 	C:\WINDOWS\System32\bcryptPrimitives.dll
0x00007ffb47300000 - 0x00007ffb47329000 	C:\Program Files\Android\Android Studio2\jre\bin\java.dll
0x00007ffb4e9e0000 - 0x00007ffb4e9eb000 	C:\Program Files\Android\Android Studio2\jre\bin\jimage.dll
0x00007ffb472e0000 - 0x00007ffb472f8000 	C:\Program Files\Android\Android Studio2\jre\bin\zip.dll

dbghelp: loaded successfully - version: 4.0.5 - missing functions: none
symbol engine: initialized successfully - sym options: 0x614 - pdb path: .;C:\Program Files\Android\Android Studio2\jre\bin;C:\WINDOWS\SYSTEM32;C:\WINDOWS\WinSxS\amd64_microsoft.windows.common-controls_6595b64144ccf1df_6.0.19041.1110_none_60b5254171f9507e;C:\Program Files\Android\Android Studio2\jre\bin\server

VM Arguments:
java_command: org.jetbrains.git4idea.http.GitAskPassApp Username for 'https://github.com': 
java_class_path (initial): C:/Program Files/Android/Android Studio2/plugins/git4idea/lib/git4idea-rt.jar;C:/Program Files/Android/Android Studio2/lib/xmlrpc-2.0.1.jar;C:/Program Files/Android/Android Studio2/lib/commons-codec-1.15.jar
Launcher Type: SUN_STANDARD

[Global flags]
     intx CICompilerCount                          = 3                                         {product} {ergonomic}
     uint ConcGCThreads                            = 1                                         {product} {ergonomic}
     uint G1ConcRefinementThreads                  = 4                                         {product} {ergonomic}
   size_t G1HeapRegionSize                         = 1048576                                   {product} {ergonomic}
    uintx GCDrainStackTargetSize                   = 64                                        {product} {ergonomic}
   size_t InitialHeapSize                          = 132120576                                 {product} {ergonomic}
   size_t MarkStackSize                            = 4194304                                   {product} {ergonomic}
   size_t MaxHeapSize                              = 2113929216                                {product} {ergonomic}
   size_t MinHeapDeltaBytes                        = 1048576                                   {product} {ergonomic}
    uintx NonNMethodCodeHeapSize                   = 5830732                                {pd product} {ergonomic}
    uintx NonProfiledCodeHeapSize                  = 122913754                              {pd product} {ergonomic}
    uintx ProfiledCodeHeapSize                     = 122913754                              {pd product} {ergonomic}
    uintx ReservedCodeCacheSize                    = 251658240                              {pd product} {ergonomic}
     bool SegmentedCodeCache                       = true                                      {product} {ergonomic}
     bool UseCompressedClassPointers               = true                                 {lp64_product} {ergonomic}
     bool UseCompressedOops                        = true                                 {lp64_product} {ergonomic}
     bool UseG1GC                                  = true                                      {product} {ergonomic}
     bool UseLargePagesIndividualAllocation        = false                                  {pd product} {ergonomic}

Logging:
Log output configuration:
 #0: stdout all=warning uptime,level,tags
 #1: stderr all=off uptime,level,tags

Environment Variables:
PATH=C:/Program Files/Git/mingw64/libexec/git-core;C:/Program Files/Git/mingw64/libexec/git-core;C:\Program Files\Git\mingw64\bin;C:\Program Files\Git\usr\bin;C:\Users\bhagy\bin;C:\Program Files\Common Files\Oracle\Java\javapath;C:\WINDOWS\system32;C:\WINDOWS;C:\WINDOWS\System32\Wbem;C:\WINDOWS\System32\WindowsPowerShell\v1.0\;C:\WINDOWS\System32\OpenSSH\;C:\Program Files\Intel\WiFi\bin\;C:\Program Files\Common Files\Intel\WirelessCommon\;C:\Program Files\Java\jdk-17.0.1;C:\Program Files\Java\jdk-17.0.1\bin;D:\jdk-17.0.1\bin;C:\Program Files\Git\cmd;D:\jdk-17.0.1\bin
USERNAME=bhagy
DISPLAY=:0.0
LC_ALL=en_US.UTF-8
OS=Windows_NT
PROCESSOR_IDENTIFIER=Intel64 Family 6 Model 142 Stepping 9, GenuineIntel



---------------  S Y S T E M  ---------------

OS: Windows 10 , 64 bit Build 19041 (10.0.19041.1682)
OS uptime: 8 days 0:12 hours

CPU:total 4 (initial active 4) (2 cores per cpu, 2 threads per core) family 6 model 142 stepping 9 microcode 0xb4, cmov, cx8, fxsr, mmx, sse, sse2, sse3, ssse3, sse4.1, sse4.2, popcnt, aes, clmul, erms, 3dnowpref, lzcnt, ht, tsc, tscinvbit

Memory: 4k page, system-wide physical 8062M (559M free)
TotalPageFile size 12062M (AvailPageFile size 112M)
current process WorkingSet (physical memory assigned to process): 9M, peak: 9M
current process commit charge ("private bytes"): 51M, peak: 177M

vm_info: OpenJDK 64-Bit Server VM (11.0.11+9-b60-7590822) for windows-amd64 JRE (11.0.11+9-b60-7590822), built on Jul 29 2021 21:43:44 by "builder" with MS VC++ 14.0 (VS2015)

END.
